<?xml version="1.0" encoding="UTF-8"?>
<testsuites
        name="POLICY_NAME"
        tests="TOTAL_RULES_IN_POLICY"
        failures="TOTAL_RULES_FAILED"
        skipped="TOTAL_SKIPPED_RULES"
>
    <testsuite name="FILE_NAME">
        <testcase name="RULE_NAME" classname="RULE_IDENTIFIER"/>
        <testcase name="RULE_NAME" classname="MIN_REPLICA">
            <failure message="MESSAGE_ON_FAILURE">
                2 occurrences
                — metadata.name: static-web (kind: Pod)
                — metadata.name: hello (kind: CronJob)
            </failure>
        </testcase>
        <testcase name="RULE_NAME" classname="MID_REPLICA">
            <skipped message="SKIP_MESSAGE"/>
        </testcase>
    </testsuite>
    <testsuite name="policySummary">
        <properties>
            <property name="policyName" value="POLICY_NAME"/>
            <property name="totalRulesInPolicy" value="TOTAL_RULES_IN_POLICY"/>
            <property name="totalRulesFailed" value="TOTAL_RULES_FAILED"/>
            <property name="totalSkippedRules" value="TOTAL_SKIPPED_RULES"/>
            <property name="totalPassedCount" value="TOTAL_PASSED_RULES"/>
        </properties>
    </testsuite>
    <testsuite name="evaluationSummary">
        <properties>
            <property name="configsCount" value="8"/>
            <property name="filesCount" value="2"/>
            <property name="passedYamlValidationCount" value="2"/>
            <property name="k8sValidation" value="2/2"/>
            <property name="passedPolicyValidationCount" value="0"/>
        </properties>
    </testsuite>
</testsuites>
